<?xml version="1.0" encoding="UTF-8"?>
<!-- Generated by org.testng.reporters.JUnitReportReporter -->
<testsuite hostname="RAGHAVENDRC6440" name="PumaTest.Shoes.Test1" tests="1" failures="0" timestamp="18 Nov 2017 06:32:57 GMT" time="15.655" errors="0">
  <testcase name="runningShoes" time="15.655" classname="PumaTest.Shoes.Test1"/>
</testsuite> <!-- PumaTest.Shoes.Test1 -->
